2026-01-01 22:50:57,311 - ERROR - Failed to connect to Binance: binance {"code":-1021,"msg":"Timestamp for this request is outside of the recvWindow."}
2026-01-01 22:50:57,311 - INFO - Market Analyzer initialized with 30 coins
2026-01-01 22:50:57,313 - INFO - Analyzer App initialized
2026-01-01 22:50:57,740 - ERROR - Failed to connect to Binance: binance {"code":-1021,"msg":"Timestamp for this request is outside of the recvWindow."}
2026-01-01 22:50:57,740 - INFO - Market Analyzer initialized with 30 coins
2026-01-01 22:50:57,741 - INFO - Analyzer App initialized
2026-01-01 22:50:57,742 - INFO - Market Analyzer started
2026-01-01 22:50:57,742 - INFO - Starting market scan...
2026-01-01 22:51:23,721 - INFO - Scan #1 complete: 0 coins, 0 high score
2026-01-01 22:51:51,643 - INFO - Market Analyzer stopped
2026-01-01 21:51:56,918 - ERROR - Failed to connect to Binance: binance {"code":-1021,"msg":"Timestamp for this request is outside of the recvWindow."}
2026-01-01 21:51:56,919 - INFO - Market Analyzer initialized with 30 coins
2026-01-01 21:51:56,920 - INFO - Analyzer App initialized
2026-01-01 21:51:57,324 - ERROR - Failed to connect to Binance: binance {"code":-1021,"msg":"Timestamp for this request is outside of the recvWindow."}
2026-01-01 21:51:57,325 - INFO - Market Analyzer initialized with 30 coins
2026-01-01 21:51:57,326 - INFO - Analyzer App initialized
2026-01-01 21:51:57,327 - INFO - Market Analyzer started
2026-01-01 21:51:57,327 - INFO - Starting market scan...
2026-01-01 21:52:21,847 - INFO - Scan #1 complete: 0 coins, 0 high score
2026-01-01 21:52:58,836 - INFO - Market Analyzer stopped
2026-01-01 22:53:52,112 - INFO - Connected to Binance - 4155 markets
2026-01-01 22:53:52,112 - INFO - Market Analyzer initialized with 30 coins
2026-01-01 22:53:52,114 - INFO - Analyzer App initialized
2026-01-01 22:53:56,302 - INFO - Connected to Binance - 4155 markets
2026-01-01 22:53:56,303 - INFO - Market Analyzer initialized with 30 coins
2026-01-01 22:53:56,304 - INFO - Analyzer App initialized
2026-01-01 22:53:56,306 - INFO - Market Analyzer started
2026-01-01 22:53:56,306 - INFO - Starting market scan...
2026-01-01 22:54:06,889 - INFO - Starting market scan...
2026-01-01 22:54:34,895 - INFO - Scan #1 complete: 27 coins, 13 high score
2026-01-01 22:54:38,373 - INFO - Scan #2 complete: 27 coins, 13 high score
2026-01-01 22:59:34,907 - INFO - Starting market scan...
2026-01-01 23:00:06,823 - INFO - Scan #3 complete: 27 coins, 11 high score
2026-01-01 23:05:06,836 - INFO - Starting market scan...
2026-01-01 23:05:37,312 - INFO - Scan #4 complete: 27 coins, 1 high score
2026-01-01 23:09:35,019 - INFO - Market Analyzer stopped
2026-01-01 23:16:30,486 - INFO - Connected to Binance - 4155 markets
2026-01-01 23:16:30,486 - INFO - Market Analyzer initialized with 34 coins
2026-01-01 23:16:30,489 - INFO - Analyzer App initialized
2026-01-01 23:16:35,115 - INFO - Connected to Binance - 4155 markets
2026-01-01 23:16:35,116 - INFO - Market Analyzer initialized with 34 coins
2026-01-01 23:16:35,117 - INFO - Analyzer App initialized
2026-01-01 23:16:35,118 - INFO - Market Analyzer started
2026-01-01 23:16:35,118 - INFO - Starting market scan...
2026-01-01 23:16:45,066 - INFO - Starting market scan...
2026-01-01 23:17:13,845 - INFO - Scan #1: 31 coins, 2 high score
2026-01-01 23:17:16,838 - INFO - Scan #2: 31 coins, 2 high score
2026-01-01 23:22:13,857 - INFO - Starting market scan...
2026-01-01 23:22:47,153 - INFO - Scan #3: 31 coins, 2 high score
2026-01-01 23:27:47,175 - INFO - Starting market scan...
2026-01-01 23:28:21,210 - INFO - Scan #4: 31 coins, 1 high score
2026-01-01 23:31:41,745 - INFO - Market Analyzer stopped
2026-01-01 23:31:52,708 - INFO - Connected to Binance - 4155 markets
2026-01-01 23:31:52,708 - INFO - Market Analyzer initialized with 35 coins
2026-01-01 23:31:52,710 - INFO - Analyzer App initialized
2026-01-01 23:31:56,047 - INFO - Connected to Binance - 4155 markets
2026-01-01 23:31:56,047 - INFO - Market Analyzer initialized with 35 coins
2026-01-01 23:31:56,048 - INFO - Analyzer App initialized
2026-01-01 23:31:56,049 - INFO - Started
2026-01-01 23:31:56,049 - INFO - Starting scan...
2026-01-01 23:32:06,907 - INFO - Starting scan...
2026-01-01 23:32:33,529 - INFO - Scan #1: 32 coins
2026-01-01 23:32:38,269 - INFO - Scan #2: 32 coins
2026-01-01 23:37:33,524 - INFO - Starting scan...
2026-01-01 23:38:08,030 - INFO - Scan #3: 32 coins
2026-01-01 23:43:08,047 - INFO - Starting scan...
2026-01-01 23:43:45,573 - INFO - Scan #4: 32 coins
2026-01-01 23:47:52,427 - INFO - Connected to Binance - 4155 markets
2026-01-01 23:47:55,316 - INFO - Connected to Binance Spot
2026-01-01 23:47:55,316 - INFO - Market Analyzer initialized with 35 coins
2026-01-01 23:47:55,318 - INFO - Analyzer App initialized
2026-01-01 23:47:58,646 - INFO - Connected to Binance - 4155 markets
2026-01-01 23:48:02,056 - INFO - Connected to Binance Spot
2026-01-01 23:48:02,056 - INFO - Market Analyzer initialized with 35 coins
2026-01-01 23:48:02,057 - INFO - Analyzer App initialized
2026-01-01 23:48:02,058 - INFO - Started
2026-01-01 23:48:02,058 - INFO - Starting scan...
2026-01-01 23:48:04,935 - INFO - Starting scan...
2026-01-01 23:48:59,443 - INFO - Scan #1: 32 coins
2026-01-01 23:48:59,600 - INFO - Scan #2: 32 coins
2026-01-01 23:53:59,440 - INFO - Starting scan...
2026-01-01 23:54:46,944 - INFO - Scan #3: 32 coins
2026-01-01 23:59:46,935 - INFO - Starting scan...
2026-01-02 00:00:32,089 - INFO - Scan #4: 32 coins
2026-01-02 00:05:32,114 - INFO - Starting scan...
2026-01-02 00:06:14,836 - INFO - Scan #5: 32 coins
2026-01-02 00:11:14,842 - INFO - Starting scan...
2026-01-02 00:11:57,442 - INFO - Scan #6: 32 coins
2026-01-02 00:16:57,433 - INFO - Starting scan...
2026-01-02 00:17:40,282 - INFO - Scan #7: 32 coins
2026-01-02 00:22:40,273 - INFO - Starting scan...
2026-01-02 00:23:27,052 - INFO - Scan #8: 32 coins
2026-01-02 00:28:27,052 - INFO - Starting scan...
2026-01-02 00:29:10,397 - INFO - Scan #9: 32 coins
2026-01-02 00:34:10,390 - INFO - Starting scan...
2026-01-02 00:34:53,768 - INFO - Scan #10: 32 coins
2026-01-02 00:39:53,767 - INFO - Starting scan...
2026-01-02 00:40:48,470 - INFO - Scan #11: 32 coins
2026-01-02 00:45:48,470 - INFO - Starting scan...
2026-01-02 00:46:39,599 - INFO - Scan #12: 32 coins
2026-01-02 00:51:39,579 - INFO - Starting scan...
2026-01-02 00:52:30,713 - INFO - Scan #13: 32 coins
2026-01-02 00:57:30,715 - INFO - Starting scan...
2026-01-02 00:58:19,161 - INFO - Scan #14: 32 coins
2026-01-02 01:03:19,174 - INFO - Starting scan...
2026-01-02 01:04:04,865 - INFO - Scan #15: 32 coins
2026-01-02 01:09:04,879 - INFO - Starting scan...
2026-01-02 01:09:49,204 - INFO - Scan #16: 32 coins
2026-01-02 01:14:49,208 - INFO - Starting scan...
2026-01-02 01:15:34,493 - INFO - Scan #17: 32 coins
2026-01-02 01:20:34,518 - INFO - Starting scan...
2026-01-02 01:21:17,380 - INFO - Scan #18: 32 coins
2026-01-02 01:26:17,386 - INFO - Starting scan...
2026-01-02 01:26:59,325 - INFO - Scan #19: 32 coins
2026-01-02 01:31:59,347 - INFO - Starting scan...
2026-01-02 01:32:42,691 - INFO - Scan #20: 32 coins
2026-01-02 01:37:42,669 - INFO - Starting scan...
2026-01-02 01:38:24,659 - INFO - Scan #21: 32 coins
2026-01-02 01:43:24,670 - INFO - Starting scan...
2026-01-02 01:44:07,782 - INFO - Scan #22: 32 coins
2026-01-02 01:49:07,799 - INFO - Starting scan...
2026-01-02 01:49:49,966 - INFO - Scan #23: 32 coins
2026-01-02 01:54:49,961 - INFO - Starting scan...
2026-01-02 01:55:35,352 - INFO - Scan #24: 32 coins
2026-01-02 02:00:35,378 - INFO - Starting scan...
2026-01-02 02:01:18,046 - INFO - Scan #25: 32 coins
2026-01-02 02:06:18,064 - INFO - Starting scan...
2026-01-02 02:07:03,086 - INFO - Scan #26: 32 coins
2026-01-02 02:12:03,095 - INFO - Starting scan...
2026-01-02 02:12:45,181 - INFO - Scan #27: 32 coins
2026-01-02 02:17:45,196 - INFO - Starting scan...
2026-01-02 02:18:27,323 - INFO - Scan #28: 32 coins
2026-01-02 02:23:27,337 - INFO - Starting scan...
2026-01-02 02:24:09,872 - INFO - Scan #29: 32 coins
2026-01-02 02:29:09,871 - INFO - Starting scan...
2026-01-02 02:29:52,474 - INFO - Scan #30: 32 coins
2026-01-02 02:34:52,485 - INFO - Starting scan...
2026-01-02 02:35:35,281 - INFO - Scan #31: 32 coins
2026-01-02 02:40:35,281 - INFO - Starting scan...
2026-01-02 02:41:19,554 - INFO - Scan #32: 32 coins
2026-01-02 02:46:19,567 - INFO - Starting scan...
2026-01-02 02:47:01,990 - INFO - Scan #33: 32 coins
2026-01-02 02:52:01,980 - INFO - Starting scan...
2026-01-02 02:52:44,520 - INFO - Scan #34: 32 coins
2026-01-02 02:57:44,512 - INFO - Starting scan...
2026-01-02 02:58:27,120 - INFO - Scan #35: 32 coins
2026-01-02 03:03:27,134 - INFO - Starting scan...
2026-01-02 03:04:09,828 - INFO - Scan #36: 32 coins
2026-01-02 03:09:09,823 - INFO - Starting scan...
2026-01-02 03:09:52,194 - INFO - Scan #37: 32 coins
2026-01-02 03:14:52,202 - INFO - Starting scan...
2026-01-02 03:15:38,421 - INFO - Scan #38: 32 coins
2026-01-02 03:20:38,415 - INFO - Starting scan...
2026-01-02 03:21:20,694 - INFO - Scan #39: 32 coins
2026-01-02 03:26:20,686 - INFO - Starting scan...
2026-01-02 03:27:04,535 - INFO - Scan #40: 32 coins
2026-01-02 03:32:04,529 - INFO - Starting scan...
2026-01-02 03:32:46,914 - INFO - Scan #41: 32 coins
2026-01-02 03:37:46,938 - INFO - Starting scan...
2026-01-02 03:38:29,975 - INFO - Scan #42: 32 coins
2026-01-02 03:43:29,970 - INFO - Starting scan...
2026-01-02 03:44:12,595 - INFO - Scan #43: 32 coins
2026-01-02 03:49:12,591 - INFO - Starting scan...
2026-01-02 03:49:56,269 - INFO - Scan #44: 32 coins
2026-01-02 03:54:56,282 - INFO - Starting scan...
2026-01-02 03:55:41,173 - INFO - Scan #45: 32 coins
2026-01-02 04:00:41,184 - INFO - Starting scan...
2026-01-02 04:01:23,505 - INFO - Scan #46: 32 coins
2026-01-02 04:06:23,499 - INFO - Starting scan...
2026-01-02 04:07:06,523 - INFO - Scan #47: 32 coins
2026-01-02 04:12:06,544 - INFO - Starting scan...
2026-01-02 04:12:50,607 - INFO - Scan #48: 32 coins
2026-01-02 04:17:50,627 - INFO - Starting scan...
2026-01-02 04:18:34,001 - INFO - Scan #49: 32 coins
2026-01-02 04:23:34,018 - INFO - Starting scan...
2026-01-02 04:24:16,169 - INFO - Scan #50: 32 coins
2026-01-02 04:29:16,179 - INFO - Starting scan...
2026-01-02 04:29:58,775 - INFO - Scan #51: 32 coins
2026-01-02 04:34:58,796 - INFO - Starting scan...
2026-01-02 04:35:44,227 - INFO - Scan #52: 32 coins
2026-01-02 04:40:44,245 - INFO - Starting scan...
2026-01-02 04:41:26,299 - INFO - Scan #53: 32 coins
2026-01-02 04:46:26,289 - INFO - Starting scan...
2026-01-02 04:47:08,329 - INFO - Scan #54: 32 coins
2026-01-02 13:54:32,593 - INFO - Connected to Binance - 4155 markets
2026-01-02 13:54:36,010 - INFO - Connected to Binance Spot
2026-01-02 13:54:36,011 - INFO - Market Analyzer initialized with 35 coins
2026-01-02 13:54:36,011 - INFO - Analyzer App initialized
2026-01-02 13:54:40,256 - INFO - Connected to Binance - 4155 markets
2026-01-02 13:54:43,847 - INFO - Connected to Binance Spot
2026-01-02 13:54:43,847 - INFO - Market Analyzer initialized with 35 coins
2026-01-02 13:54:43,848 - INFO - Analyzer App initialized
2026-01-02 13:54:43,849 - INFO - Started
2026-01-02 13:54:43,850 - INFO - Starting scan...
2026-01-02 13:55:30,819 - INFO - Scan #1: 32 coins
2026-01-02 13:56:26,323 - INFO - Connected to Binance - 4155 markets
2026-01-02 13:56:30,764 - INFO - Connected to Binance Spot
2026-01-02 13:56:30,764 - INFO - Market Analyzer initialized with 35 coins
2026-01-02 13:56:30,765 - INFO - Analyzer App initialized
2026-01-02 13:56:35,145 - INFO - Connected to Binance - 4155 markets
2026-01-02 13:56:38,634 - INFO - Connected to Binance Spot
2026-01-02 13:56:38,634 - INFO - Market Analyzer initialized with 35 coins
2026-01-02 13:56:38,634 - INFO - Analyzer App initialized
2026-01-02 13:56:38,635 - INFO - Started
2026-01-02 13:56:38,635 - INFO - Starting scan...
2026-01-02 13:57:23,310 - INFO - Scan #1: 32 coins
2026-01-02 14:02:23,304 - INFO - Starting scan...
2026-01-02 14:03:09,638 - INFO - Scan #2: 32 coins
2026-01-02 14:08:09,644 - INFO - Starting scan...
2026-01-02 14:08:56,169 - INFO - Scan #3: 32 coins
2026-01-02 14:13:56,188 - INFO - Starting scan...
2026-01-02 14:14:41,969 - INFO - Scan #4: 32 coins
2026-01-02 14:19:41,961 - INFO - Starting scan...
2026-01-02 14:20:28,248 - INFO - Scan #5: 32 coins
2026-01-02 14:25:28,256 - INFO - Starting scan...
2026-01-02 14:26:14,181 - INFO - Scan #6: 32 coins
2026-01-02 14:31:14,182 - INFO - Starting scan...
2026-01-02 14:32:00,781 - INFO - Scan #7: 32 coins
2026-01-02 14:37:00,772 - INFO - Starting scan...
2026-01-02 14:37:46,835 - INFO - Scan #8: 32 coins
2026-01-02 14:42:46,849 - INFO - Starting scan...
2026-01-02 14:43:33,404 - INFO - Scan #9: 32 coins
2026-01-02 14:48:33,421 - INFO - Starting scan...
2026-01-02 14:49:18,202 - INFO - Scan #10: 32 coins
2026-01-02 14:49:32,441 - INFO - Connected to Binance - 4155 markets
2026-01-02 14:49:36,543 - INFO - Connected to Binance Spot
2026-01-02 14:49:36,544 - INFO - Market Analyzer initialized with 35 coins
2026-01-02 14:49:36,582 - INFO - Historical tracker initialized: history.db
2026-01-02 14:49:36,586 - INFO - Analyzer App initialized
2026-01-02 14:49:41,637 - INFO - Connected to Binance - 4155 markets
2026-01-02 14:49:45,892 - INFO - Connected to Binance Spot
2026-01-02 14:49:45,893 - INFO - Market Analyzer initialized with 35 coins
2026-01-02 14:49:45,900 - INFO - Historical tracker initialized: history.db
2026-01-02 14:49:45,902 - INFO - Analyzer App initialized
2026-01-02 14:49:45,904 - INFO - Started
2026-01-02 14:49:45,904 - INFO - Starting scan...
2026-01-02 14:49:47,235 - INFO - Aggregated 0 coins for 2026-01-01
2026-01-02 14:49:47,245 - INFO - Aggregated 0 coins for 2025-12-31
2026-01-02 14:49:47,260 - INFO - Aggregated 0 coins for 2025-12-30
2026-01-02 14:49:47,268 - INFO - Aggregated 0 coins for 2025-12-29
2026-01-02 14:49:47,275 - INFO - Aggregated 0 coins for 2025-12-28
2026-01-02 14:49:47,280 - INFO - Aggregated 0 coins for 2025-12-27
2026-01-02 14:49:47,282 - INFO - Aggregated 0 coins for 2025-12-26
2026-01-02 14:50:24,038 - INFO - Starting scan...
2026-01-02 14:50:33,902 - INFO - Scan #1: 32 coins
2026-01-02 14:50:54,444 - INFO - Scan #2: 32 coins
2026-01-02 14:55:33,919 - INFO - Starting scan...
2026-01-02 14:56:36,963 - INFO - Scan #3: 32 coins
2026-01-02 15:01:36,975 - INFO - Starting scan...
2026-01-02 15:02:25,813 - INFO - Scan #4: 32 coins
2026-01-02 15:07:25,822 - INFO - Starting scan...
2026-01-02 15:08:26,749 - INFO - Scan #5: 32 coins
2026-01-02 15:13:26,768 - INFO - Starting scan...
2026-01-02 15:14:11,094 - INFO - Scan #6: 32 coins
2026-01-02 15:19:11,092 - INFO - Starting scan...
2026-01-02 15:19:58,425 - INFO - Scan #7: 32 coins
